生成启动时间为 2016/1/2 16:10:28。
     1>项目“D:\20131105753ly\20131105753ly\20131105753ly.vcxproj”在节点 2 上(build 个目标)。
     1>InitializeBuildStatus:
         正在创建“Debug\20131105753ly.unsuccessfulbuild”，因为已指定“AlwaysCreate”。
       ClCompile:
         D:\软件\vs2010\VC\bin\CL.exe /c /ZI /nologo /W3 /WX- /Od /Oy- /D WIN32 /D _DEBUG /D _CONSOLE /D _UNICODE /D UNICODE /Gm /EHsc /RTC1 /MDd /GS /fp:precise /Zc:wchar_t /Zc:forScope /Fo"Debug\\" /Fd"Debug\vc100.pdb" /Gd /TP /analyze- /errorReport:prompt test.cpp
         test.cpp
       ManifestResourceCompile:
         所有输出均为最新。
       Link:
         D:\软件\vs2010\VC\bin\link.exe /ERRORREPORT:PROMPT /OUT:"D:\20131105753ly\Debug\20131105753ly.exe" /INCREMENTAL /NOLOGO opencv_calib3d240d.lib opencv_contrib240d.lib opencv_core240d.lib opencv_features2d240d.lib opencv_flann240d.lib opencv_gpu240d.lib opencv_highgui240d.lib opencv_imgproc240d.lib opencv_legacy240d.lib opencv_ml240d.lib opencv_objdetect240d.lib opencv_ts240d.lib opencv_video240d.lib kernel32.lib user32.lib gdi32.lib winspool.lib comdlg32.lib advapi32.lib shell32.lib ole32.lib oleaut32.lib uuid.lib odbc32.lib odbccp32.lib /MANIFEST /ManifestFile:"Debug\20131105753ly.exe.intermediate.manifest" /MANIFESTUAC:"level='asInvoker' uiAccess='false'" /DEBUG /PDB:"D:\20131105753ly\Debug\20131105753ly.pdb" /SUBSYSTEM:CONSOLE /TLBID:1 /DYNAMICBASE /NXCOMPAT /IMPLIB:"D:\20131105753ly\Debug\20131105753ly.lib" /MACHINE:X86 Debug\20131105753ly.exe.embed.manifest.res
         Debug\test.obj
       Manifest:
         C:\Program Files (x86)\Microsoft SDKs\Windows\v7.0A\bin\mt.exe /nologo /verbose /out:"Debug\20131105753ly.exe.embed.manifest" /manifest Debug\20131105753ly.exe.intermediate.manifest
         所有输出均为最新。
       LinkEmbedManifest:
         所有输出均为最新。
         20131105753ly.vcxproj -> D:\20131105753ly\Debug\20131105753ly.exe
       FinalizeBuildStatus:
         正在删除文件“Debug\20131105753ly.unsuccessfulbuild”。
         正在对“Debug\20131105753ly.lastbuildstate”执行 Touch 任务。
     1>已完成生成项目“D:\20131105753ly\20131105753ly\20131105753ly.vcxproj”(build 个目标)的操作。

生成成功。

已用时间 00:00:02.94
